::1 - - [07/Dec/2021:12:06:37 +0000] "GET /api/users HTTP/1.1" 200 886 "-" "PostmanRuntime/7.28.3"
::1 - - [07/Dec/2021:12:08:53 +0000] "GET /api/users HTTP/1.1" 200 886 "-" "PostmanRuntime/7.28.4"
::1 - - [07/Dec/2021:12:09:11 +0000] "GET /api/users/1 HTTP/1.1" 200 177 "-" "PostmanRuntime/7.28.4"
::1 - - [07/Dec/2021:12:12:51 +0000] "GET /api/nationalities HTTP/1.1" 200 354 "-" "PostmanRuntime/7.28.4"
::1 - - [07/Dec/2021:12:37:49 +0000] "GET /api/users-detail HTTP/1.1" 400 21 "-" "PostmanRuntime/7.28.4"
::1 - - [07/Dec/2021:12:42:58 +0000] "GET /api/users-detail HTTP/1.1" 200 1567 "-" "PostmanRuntime/7.28.4"
::1 - - [07/Dec/2021:12:43:35 +0000] "GET /api/users HTTP/1.1" 200 886 "-" "PostmanRuntime/7.28.4"
::1 - - [07/Dec/2021:12:43:41 +0000] "GET /api/users-detail HTTP/1.1" 200 1567 "-" "PostmanRuntime/7.28.4"
::1 - - [07/Dec/2021:12:43:47 +0000] "GET /api/nationalities HTTP/1.1" 200 354 "-" "PostmanRuntime/7.28.4"
::1 - - [07/Dec/2021:12:43:54 +0000] "GET /api/users-detail HTTP/1.1" 200 1567 "-" "PostmanRuntime/7.28.4"
::1 - - [08/Dec/2021:11:05:10 +0000] "GET /api/users-L HTTP/1.1" 200 1567 "-" "PostmanRuntime/7.28.4"
::1 - - [08/Dec/2021:11:05:44 +0000] "GET /api/users-XL HTTP/1.1" 400 21 "-" "PostmanRuntime/7.28.4"
::1 - - [08/Dec/2021:12:56:21 +0000] "GET /api/users HTTP/1.1" 200 496 "-" "PostmanRuntime/7.28.4"
::1 - - [08/Dec/2021:12:56:27 +0000] "GET /api/users-L HTTP/1.1" 400 21 "-" "PostmanRuntime/7.28.4"
::1 - - [08/Dec/2021:12:57:08 +0000] "GET /api/users-L HTTP/1.1" 200 787 "-" "PostmanRuntime/7.28.4"
::1 - - [08/Dec/2021:13:19:37 +0000] "GET /api/users HTTP/1.1" 200 496 "-" "PostmanRuntime/7.28.4"
::1 - - [08/Dec/2021:13:19:41 +0000] "GET /api/users-L HTTP/1.1" 200 787 "-" "PostmanRuntime/7.28.4"
::1 - - [08/Dec/2021:13:19:47 +0000] "GET /api/users HTTP/1.1" 200 496 "-" "PostmanRuntime/7.28.4"
::1 - - [08/Dec/2021:13:19:52 +0000] "GET /api/users-XL HTTP/1.1" 400 21 "-" "PostmanRuntime/7.28.4"
::1 - - [08/Dec/2021:13:21:07 +0000] "GET /api/users-XL HTTP/1.1" 400 21 "-" "PostmanRuntime/7.28.4"
::1 - - [08/Dec/2021:13:23:27 +0000] "GET /api/users-XL HTTP/1.1" 400 21 "-" "PostmanRuntime/7.28.4"
::1 - - [08/Dec/2021:13:24:14 +0000] "GET /api/users-XL HTTP/1.1" 200 809 "-" "PostmanRuntime/7.28.4"
::1 - - [08/Dec/2021:13:24:50 +0000] "GET /api/users-XL HTTP/1.1" 400 21 "-" "PostmanRuntime/7.28.4"
::1 - - [08/Dec/2021:13:24:52 +0000] "GET /api/users-XL HTTP/1.1" 400 21 "-" "PostmanRuntime/7.28.4"
::1 - - [08/Dec/2021:13:25:17 +0000] "GET /api/users-XL HTTP/1.1" 200 789 "-" "PostmanRuntime/7.28.4"
::1 - - [08/Dec/2021:13:26:11 +0000] "GET /api/users-XL HTTP/1.1" 200 789 "-" "PostmanRuntime/7.28.4"
::1 - - [08/Dec/2021:14:12:39 +0000] "GET /api/users HTTP/1.1" 200 496 "-" "PostmanRuntime/7.28.4"
::1 - - [08/Dec/2021:14:12:44 +0000] "GET /api/users-L HTTP/1.1" 200 787 "-" "PostmanRuntime/7.28.4"
::1 - - [08/Dec/2021:14:12:50 +0000] "GET /api/users-XL HTTP/1.1" 200 789 "-" "PostmanRuntime/7.28.4"
::1 - - [08/Dec/2021:14:12:58 +0000] "GET /api/nationalities HTTP/1.1" 200 120 "-" "PostmanRuntime/7.28.4"
